# Logfile created on 2021-05-09 03:11:03 +0000 by logger.rb/66358
[2021-05-09T03:11:03+00:00] INFO: Started Chef Infra Zero at chefzero://localhost:1 with repository at /opt/gitlab/embedded
  One version per cookbook

[2021-05-09T03:11:04+00:00] INFO: *** Chef Infra Client 15.9.17 ***
[2021-05-09T03:11:04+00:00] INFO: Platform: armv7l-linux-eabihf
[2021-05-09T03:11:04+00:00] INFO: Chef-client pid: 69
[2021-05-09T03:11:07+00:00] WARN: Plugin Network: unable to detect ipaddress
[2021-05-09T03:11:07+00:00] INFO: Setting the run_list to ["recipe[gitlab]"] from CLI options
[2021-05-09T03:11:07+00:00] INFO: Run List is [recipe[gitlab]]
[2021-05-09T03:11:07+00:00] INFO: Run List expands to [gitlab]
[2021-05-09T03:11:07+00:00] INFO: Starting Chef Infra Client Run for 7401dd1b5f50
[2021-05-09T03:11:07+00:00] INFO: Running start handlers
[2021-05-09T03:11:07+00:00] INFO: Start handlers complete.
[2021-05-09T03:11:10+00:00] INFO: Loading cookbooks [gitlab@0.0.1, package@0.1.0, postgresql@0.1.0, redis@0.1.0, monitoring@0.1.0, registry@0.1.0, mattermost@0.1.0, consul@0.1.0, gitaly@0.1.0, praefect@0.1.0, letsencrypt@0.1.0, nginx@0.1.0, runit@5.1.3, acme@4.1.1, crond@0.1.0]
[2021-05-09T03:11:29+00:00] INFO: Skipped selecting an init system because it was explicitly disabled
[2021-05-09T03:11:31+00:00] INFO: ruby_block[directory resource: /var/opt/gitlab/.ssh] called
[2021-05-09T03:11:35+00:00] WARN: only_if block for templatesymlink[Create a gitlab_pages_secret and create a symlink to Rails root] returned a string, did you mean to run a command?
[2021-05-09T03:11:36+00:00] INFO: link[/opt/gitlab/service/redis] created
[2021-05-09T03:11:39+00:00] INFO: Retrying execution of execute[/opt/gitlab/bin/gitlab-ctl start redis], 19 attempts left
[2021-05-09T03:11:44+00:00] INFO: execute[/opt/gitlab/bin/gitlab-ctl start redis] ran successfully
[2021-05-09T03:11:45+00:00] INFO: link[/opt/gitlab/service/gitaly] created
[2021-05-09T03:11:48+00:00] INFO: execute[/opt/gitlab/bin/gitlab-ctl start gitaly] ran successfully
[2021-05-09T03:11:50+00:00] INFO: template[/var/opt/gitlab/postgresql/data/runtime.conf] backed up to /opt/gitlab/embedded/cookbooks/cache/backup/var/opt/gitlab/postgresql/data/runtime.conf.chef-20210509031150.515547
[2021-05-09T03:11:50+00:00] INFO: template[/var/opt/gitlab/postgresql/data/runtime.conf] updated file contents /var/opt/gitlab/postgresql/data/runtime.conf
[2021-05-09T03:11:50+00:00] INFO: link[/opt/gitlab/service/postgresql] created
[2021-05-09T03:11:51+00:00] INFO: file[/opt/gitlab/service/postgresql/supervise/status] owner changed to 996
[2021-05-09T03:11:51+00:00] INFO: file[/opt/gitlab/service/postgresql/supervise/status] group changed to 996
[2021-05-09T03:11:51+00:00] INFO: file[/opt/gitlab/service/postgresql/supervise/status] updated atime and mtime to 2021-05-09 03:11:51 +0000
[2021-05-09T03:11:51+00:00] INFO: file[/opt/gitlab/service/postgresql/log/supervise/status] owner changed to 996
[2021-05-09T03:11:51+00:00] INFO: file[/opt/gitlab/service/postgresql/log/supervise/status] group changed to 996
[2021-05-09T03:11:51+00:00] INFO: file[/opt/gitlab/service/postgresql/log/supervise/status] updated atime and mtime to 2021-05-09 03:11:51 +0000
[2021-05-09T03:11:54+00:00] INFO: execute[/opt/gitlab/bin/gitlab-ctl start postgresql] ran successfully
[2021-05-09T03:11:55+00:00] INFO: Retrying execution of execute[create gitlab postgresql user], 19 attempts left
[2021-05-09T03:11:59+00:00] INFO: execute[enable pg_trgm extension (postgresql)] ran successfully
[2021-05-09T03:12:00+00:00] INFO: execute[enable btree_gist extension (postgresql)] ran successfully
